Using pre-set license
Built from '2021.1/release' branch; Version is '2021.1.16f1 (5fa502fca597) revision 6268162'; Using compiler version '192528614'; Build Type 'Release'
OS: 'Windows 10 Home Single Language; OS build 19042.1348; Version 2009; 64bit' Language: 'pt' Physical Memory: 8067 MB
BatchMode: 1, IsHumanControllingUs: 0, StartBugReporterOnCrash: 0, Is64bit: 1, IsPro: 0

 COMMAND LINE ARGUMENTS:
C:\Program Files\Unity\Hub\Editor\2021.1.16f1\Editor\Unity.exe
-adb2
-batchMode
-noUpm
-name
AssetImportWorker0
-projectPath
C:/Users/USER/Documents/Unity Projects/PostProcessing
-logFile
Logs/AssetImportWorker0.log
-srvPort
22970
Successfully changed project path to: C:/Users/USER/Documents/Unity Projects/PostProcessing
C:/Users/USER/Documents/Unity Projects/PostProcessing
Using Asset Import Pipeline V2.
Refreshing native plugins compatible for Editor in 484.93 ms, found 3 plugins.
Preloading 0 native plugins for Editor in 0.00 ms.
Initialize engine version: 2021.1.16f1 (5fa502fca597)
[Subsystems] Discovering subsystems at path C:/Program Files/Unity/Hub/Editor/2021.1.16f1/Editor/Data/Resources/UnitySubsystems
[Subsystems] Discovering subsystems at path C:/Users/USER/Documents/Unity Projects/PostProcessing/Assets
GfxDevice: creating device client; threaded=0; jobified=0
Direct3D:
    Version:  Direct3D 11.0 [level 11.0]
    Renderer: NVIDIA GeForce 940MX (ID=0x134d)
    Vendor:   NVIDIA
    VRAM:     2010 MB
    Driver:   30.0.14.9649
Initialize mono
Mono path[0] = 'C:/Program Files/Unity/Hub/Editor/2021.1.16f1/Editor/Data/Managed'
Mono path[1] = 'C:/Program Files/Unity/Hub/Editor/2021.1.16f1/Editor/Data/MonoBleedingEdge/lib/mono/unityjit'
Mono config path = 'C:/Program Files/Unity/Hub/Editor/2021.1.16f1/Editor/Data/MonoBleedingEdge/etc'
Using monoOptions --debugger-agent=transport=dt_socket,embedding=1,server=y,suspend=n,address=127.0.0.1:56428
Begin MonoManager ReloadAssembly
Registering precompiled unity dll's ...
Register platform support module: C:/Program Files/Unity/Hub/Editor/2021.1.16f1/Editor/Data/PlaybackEngines/WindowsStandaloneSupport/UnityEditor.WindowsStandalone.Extensions.dll
Registered in 0.005998 seconds.
Native extension for WindowsStandalone target not found
Refreshing native plugins compatible for Editor in 377.22 ms, found 3 plugins.
Preloading 0 native plugins for Editor in 0.00 ms.
Mono: successfully reloaded assembly
- Completed reload, in  8.029 seconds
Domain Reload Profiling:
	ReloadAssembly (8030ms)
		BeginReloadAssembly (218ms)
			ExecutionOrderSort (0ms)
			DisableScriptedObjects (0ms)
			BackupInstance (0ms)
			ReleaseScriptingObjects (0ms)
			CreateAndSetChildDomain (2ms)
		EndReloadAssembly (1722ms)
			LoadAssemblies (212ms)
			RebuildTransferFunctionScriptingTraits (0ms)
			SetupTypeCache (606ms)
			ReleaseScriptCaches (0ms)
			RebuildScriptCaches (97ms)
			SetupLoadedEditorAssemblies (859ms)
				LogAssemblyErrors (0ms)
				InitializePlatformSupportModulesInManaged (16ms)
				SetLoadedEditorAssemblies (0ms)
				RefreshPlugins (377ms)
				BeforeProcessingInitializeOnLoad (5ms)
				ProcessInitializeOnLoadAttributes (358ms)
				ProcessInitializeOnLoadMethodAttributes (101ms)
				AfterProcessingInitializeOnLoad (0ms)
				EditorAssembliesLoaded (1ms)
			ExecutionOrderSort2 (0ms)
			AwakeInstancesAfterBackupRestoration (0ms)
Platform modules already initialized, skipping
Registering precompiled user dll's ...
Registered in 0.037001 seconds.
Begin MonoManager ReloadAssembly
Symbol file LoadedFromMemory doesn't match image C:\Users\USER\Documents\Unity Projects\PostProcessing\Library\PackageCache\com.unity.visualscripting@1.6.1\Editor\VisualScripting.Core\Dependencies\YamlDotNet\Unity.VisualScripting.YamlDotNet.dll
Symbol file LoadedFromMemory doesn't match image C:\Users\USER\Documents\Unity Projects\PostProcessing\Library\PackageCache\com.unity.visualscripting@1.6.1\Editor\VisualScripting.Core\Dependencies\DotNetZip\Unity.VisualScripting.IonicZip.dll
Native extension for WindowsStandalone target not found
Refreshing native plugins compatible for Editor in 477.43 ms, found 3 plugins.
Preloading 0 native plugins for Editor in 0.00 ms.
Mono: successfully reloaded assembly
- Completed reload, in  6.311 seconds
Domain Reload Profiling:
	ReloadAssembly (6315ms)
		BeginReloadAssembly (505ms)
			ExecutionOrderSort (0ms)
			DisableScriptedObjects (16ms)
			BackupInstance (0ms)
			ReleaseScriptingObjects (0ms)
			CreateAndSetChildDomain (55ms)
		EndReloadAssembly (5623ms)
			LoadAssemblies (292ms)
			RebuildTransferFunctionScriptingTraits (0ms)
			SetupTypeCache (1785ms)
			ReleaseScriptCaches (2ms)
			RebuildScriptCaches (309ms)
			SetupLoadedEditorAssemblies (2937ms)
				LogAssemblyErrors (0ms)
				InitializePlatformSupportModulesInManaged (15ms)
				SetLoadedEditorAssemblies (0ms)
				RefreshPlugins (478ms)
				BeforeProcessingInitializeOnLoad (354ms)
				ProcessInitializeOnLoadAttributes (1245ms)
				ProcessInitializeOnLoadMethodAttributes (826ms)
				AfterProcessingInitializeOnLoad (19ms)
				EditorAssembliesLoaded (0ms)
			ExecutionOrderSort2 (0ms)
			AwakeInstancesAfterBackupRestoration (18ms)
Platform modules already initialized, skipping
========================================================================
Worker process is ready to serve import requests
Launched and connected shader compiler UnityShaderCompiler.exe after 0.15 seconds
D3D shader create error for vertex shader [0x80070057]
Refreshing native plugins compatible for Editor in 2.63 ms, found 3 plugins.
Preloading 0 native plugins for Editor in 0.00 ms.
Unloading 5650 Unused Serialized files (Serialized files now loaded: 0)
System memory in use before: 233.2 MB.
System memory in use after: 230.4 MB.

Unloading 58 unused Assets to reduce memory usage. Loaded Objects now: 6079.
Total: 16.377900 ms (FindLiveObjects: 0.952000 ms CreateObjectMapping: 0.822100 ms MarkObjects: 9.014300 ms  DeleteObjects: 5.587500 ms)

AssetImportParameters requested are different than current active one (requested -> active):
  custom:framework-win-MediaFoundation: 216162199b28c13a410421893ffa2e32 -> 
  custom:video-decoder-ogg-theora: a1e56fd34408186e4bbccfd4996cb3dc -> 
  custom:container-muxer-webm: aa71ff27fc2769a1b78a27578f13a17b -> 
  custom:container-demuxer-webm: 4f35f7cbe854078d1ac9338744f61a02 -> 
  custom:container-demuxer-ogg: 62fdf1f143b41e24485cea50d1cbac27 -> 
  custom:video-encoder-webm-vp8: eb34c28f22e8b96e1ab97ce403110664 -> 
  custom:video-decoder-webm-vp8: 9c59270c3fd7afecdb556c50c9e8de78 -> 
  custom:audio-decoder-ogg-vorbis: bf7c407c2cedff20999df2af8eb42d56 -> 
  custom:audio-encoder-webm-vorbis: bf7c407c2cedff20999df2af8eb42d56 -> 
========================================================================
Received Import Request.
  path: Assets/HDRPDefaultResources
  artifactKey: Guid(abc661c586a9116428571bb17ea1a331) Importer(815301076,1909f56bfc062723c751e8b465ee728b)
Start importing Assets/HDRPDefaultResources using Guid(abc661c586a9116428571bb17ea1a331) Importer(815301076,1909f56bfc062723c751e8b465ee728b)  -> (artifact id: 'f80c728ffaf2e45c45f21687e70664b7') in 0.018311 seconds 
========================================================================
Received Import Request.
  Time since last request: 0.000338 seconds.
  path: Assets/HDRPDefaultResources/DefaultVFXResources.asset
  artifactKey: Guid(145290c901d58b343bdeb3b4362c9ff2) Importer(815301076,1909f56bfc062723c751e8b465ee728b)
Start importing Assets/HDRPDefaultResources/DefaultVFXResources.asset using Guid(145290c901d58b343bdeb3b4362c9ff2) Importer(815301076,1909f56bfc062723c751e8b465ee728b)  -> (artifact id: '1b83f9103a18d73c743ecab2e8f50a74') in 0.156764 seconds 
========================================================================
Received Import Request.
  Time since last request: 0.000298 seconds.
  path: Assets/SampleSceneAssets/Materials
  artifactKey: Guid(d2f531f5d83256a4bae958b795984094) Importer(815301076,1909f56bfc062723c751e8b465ee728b)
Start importing Assets/SampleSceneAssets/Materials using Guid(d2f531f5d83256a4bae958b795984094) Importer(815301076,1909f56bfc062723c751e8b465ee728b)  -> (artifact id: '9ef826e546fa9c29c6bbb4f0386a8c10') in 0.006096 seconds 
========================================================================
Received Import Request.
  Time since last request: 0.000391 seconds.
  path: Assets/SampleSceneAssets/Materials/General
  artifactKey: Guid(1de836dbad915f04784a815ead4ffc54) Importer(815301076,1909f56bfc062723c751e8b465ee728b)
Start importing Assets/SampleSceneAssets/Materials/General using Guid(1de836dbad915f04784a815ead4ffc54) Importer(815301076,1909f56bfc062723c751e8b465ee728b)  -> (artifact id: 'f5d7ed64ed79c58b6df053f54e9c5e0c') in 0.004181 seconds 
========================================================================
Received Import Request.
  Time since last request: 0.000296 seconds.
  path: Assets/SampleSceneAssets
  artifactKey: Guid(0608b30f8530dad4092512580c6c9daa) Importer(815301076,1909f56bfc062723c751e8b465ee728b)
Start importing Assets/SampleSceneAssets using Guid(0608b30f8530dad4092512580c6c9daa) Importer(815301076,1909f56bfc062723c751e8b465ee728b)  -> (artifact id: '2b26ac134f46cd663bc6e491eb68af77') in 0.004206 seconds 
========================================================================
Received Import Request.
  Time since last request: 0.000284 seconds.
  path: Assets/HDRPDefaultResources/DefaultHDRPAsset.asset
  artifactKey: Guid(e93c35b24eb03c74284e7dc0b755bfcc) Importer(815301076,1909f56bfc062723c751e8b465ee728b)
Start importing Assets/HDRPDefaultResources/DefaultHDRPAsset.asset using Guid(e93c35b24eb03c74284e7dc0b755bfcc) Importer(815301076,1909f56bfc062723c751e8b465ee728b)  -> (artifact id: 'd957419bd01bd671bc9eb4950163e7c0') in 0.006889 seconds 
========================================================================
Received Import Request.
  Time since last request: 0.000291 seconds.
  path: Assets/HDRPDefaultResources/DefaultSceneRoot.prefab
  artifactKey: Guid(2bfa7b9d63fa79e4abdc033f54a868d2) Importer(815301076,1909f56bfc062723c751e8b465ee728b)
Start importing Assets/HDRPDefaultResources/DefaultSceneRoot.prefab using Guid(2bfa7b9d63fa79e4abdc033f54a868d2) Importer(815301076,1909f56bfc062723c751e8b465ee728b)  -> (artifact id: '684d8a1935ee874a0439cfdbe5527e17') in 0.103350 seconds 
========================================================================
Received Import Request.
  Time since last request: 0.000322 seconds.
  path: Assets/SampleSceneAssets/Materials/General/Concrete_Edge_Decal.prefab
  artifactKey: Guid(4751770e0dc8c1149aa554360ae6087b) Importer(815301076,1909f56bfc062723c751e8b465ee728b)
Start importing Assets/SampleSceneAssets/Materials/General/Concrete_Edge_Decal.prefab using Guid(4751770e0dc8c1149aa554360ae6087b) Importer(815301076,1909f56bfc062723c751e8b465ee728b)  -> (artifact id: 'f01d0932811fa3ba1d9357705e510d22') in 0.017632 seconds 
========================================================================
Received Prepare
D3D shader create error for vertex shader [0x80070057]
Refreshing native plugins compatible for Editor in 8.83 ms, found 3 plugins.
Preloading 0 native plugins for Editor in 0.00 ms.
Unloading 50 Unused Serialized files (Serialized files now loaded: 0)
System memory in use before: 115.9 MB.
System memory in use after: 113.2 MB.

Unloading 50 unused Assets to reduce memory usage. Loaded Objects now: 6080.
Total: 10.577100 ms (FindLiveObjects: 0.544300 ms CreateObjectMapping: 0.515100 ms MarkObjects: 6.748600 ms  DeleteObjects: 2.767800 ms)

AssetImportParameters requested are different than current active one (requested -> active):
  custom:framework-win-MediaFoundation: 216162199b28c13a410421893ffa2e32 -> 
  custom:video-decoder-ogg-theora: a1e56fd34408186e4bbccfd4996cb3dc -> 
  custom:container-muxer-webm: aa71ff27fc2769a1b78a27578f13a17b -> 
  custom:container-demuxer-webm: 4f35f7cbe854078d1ac9338744f61a02 -> 
  custom:container-demuxer-ogg: 62fdf1f143b41e24485cea50d1cbac27 -> 
  custom:video-encoder-webm-vp8: eb34c28f22e8b96e1ab97ce403110664 -> 
  custom:video-decoder-webm-vp8: 9c59270c3fd7afecdb556c50c9e8de78 -> 
  custom:audio-decoder-ogg-vorbis: bf7c407c2cedff20999df2af8eb42d56 -> 
  custom:audio-encoder-webm-vorbis: bf7c407c2cedff20999df2af8eb42d56 -> 
========================================================================
Received Import Request.
  Time since last request: 397.487924 seconds.
  path: Packages/com.unity.render-pipelines.high-definition/Runtime/RenderPipelineResources/Mesh/HumanEyeModel.fbx
  artifactKey: Guid(bc7f614d61b9b2a49a9ca3530b20da5c) Importer(815301076,1909f56bfc062723c751e8b465ee728b)
Start importing Packages/com.unity.render-pipelines.high-definition/Runtime/RenderPipelineResources/Mesh/HumanEyeModel.fbx using Guid(bc7f614d61b9b2a49a9ca3530b20da5c) Importer(815301076,1909f56bfc062723c751e8b465ee728b) Launched and connected shader compiler UnityShaderCompiler.exe after 0.11 seconds
Launched and connected shader compiler UnityShaderCompiler.exe after 0.11 seconds
Launched and connected shader compiler UnityShaderCompiler.exe after 0.14 seconds
 -> (artifact id: 'ac833a688353d56dd1932ca9f34079e9') in 3.145603 seconds 
========================================================================
Received Import Request.
  Time since last request: 0.000311 seconds.
  path: Packages/com.unity.render-pipelines.high-definition/Runtime/RenderPipelineResources/Mesh/Sphere.fbx
  artifactKey: Guid(9e0af751bc36ea146940ba245193e28c) Importer(815301076,1909f56bfc062723c751e8b465ee728b)
Start importing Packages/com.unity.render-pipelines.high-definition/Runtime/RenderPipelineResources/Mesh/Sphere.fbx using Guid(9e0af751bc36ea146940ba245193e28c) Importer(815301076,1909f56bfc062723c751e8b465ee728b)  -> (artifact id: '0f874b1503a290ed663132eba1372acc') in 0.206847 seconds 
========================================================================
Received Import Request.
  Time since last request: 0.000338 seconds.
  path: Packages/com.unity.render-pipelines.high-definition/Runtime/RenderPipelineResources/Mesh/Disc.fbx
  artifactKey: Guid(aa0197e8182e0924897ca6c14966b2d0) Importer(815301076,1909f56bfc062723c751e8b465ee728b)
Start importing Packages/com.unity.render-pipelines.high-definition/Runtime/RenderPipelineResources/Mesh/Disc.fbx using Guid(aa0197e8182e0924897ca6c14966b2d0) Importer(815301076,1909f56bfc062723c751e8b465ee728b)  -> (artifact id: 'c5b94af9ad1a307ec045176ca89ba6c7') in 0.141491 seconds 
========================================================================
Received Import Request.
  Time since last request: 0.000459 seconds.
  path: Packages/com.unity.render-pipelines.high-definition/Runtime/RenderPipelineResources/Mesh/Cylinder.fbx
  artifactKey: Guid(accb6d90f0d50fe4ca0f68159b4323de) Importer(815301076,1909f56bfc062723c751e8b465ee728b)
Start importing Packages/com.unity.render-pipelines.high-definition/Runtime/RenderPipelineResources/Mesh/Cylinder.fbx using Guid(accb6d90f0d50fe4ca0f68159b4323de) Importer(815301076,1909f56bfc062723c751e8b465ee728b)  -> (artifact id: '976efb4dfc50880873bcf13768e0cabf') in 0.152059 seconds 
========================================================================
Received Import Request.
  Time since last request: 0.000300 seconds.
  path: Packages/com.unity.render-pipelines.high-definition/Runtime/RenderPipelineResources/Mesh/Quad.fbx
  artifactKey: Guid(1d5a8595286f94f4bb54171d49f473c3) Importer(815301076,1909f56bfc062723c751e8b465ee728b)
Start importing Packages/com.unity.render-pipelines.high-definition/Runtime/RenderPipelineResources/Mesh/Quad.fbx using Guid(1d5a8595286f94f4bb54171d49f473c3) Importer(815301076,1909f56bfc062723c751e8b465ee728b)  -> (artifact id: 'c8ae830eaf94e81efee2331e48e8abc1') in 0.145329 seconds 
========================================================================
Received Prepare
Registering precompiled user dll's ...
Registered in 0.025246 seconds.
Begin MonoManager ReloadAssembly
Symbol file LoadedFromMemory doesn't match image C:\Users\USER\Documents\Unity Projects\PostProcessing\Library\PackageCache\com.unity.visualscripting@1.6.1\Editor\VisualScripting.Core\Dependencies\YamlDotNet\Unity.VisualScripting.YamlDotNet.dll
Symbol file LoadedFromMemory doesn't match image C:\Users\USER\Documents\Unity Projects\PostProcessing\Library\PackageCache\com.unity.visualscripting@1.6.1\Editor\VisualScripting.Core\Dependencies\DotNetZip\Unity.VisualScripting.IonicZip.dll
Native extension for WindowsStandalone target not found
Refreshing native plugins compatible for Editor in 1.22 ms, found 3 plugins.
Preloading 0 native plugins for Editor in 0.00 ms.
Mono: successfully reloaded assembly
- Completed reload, in  3.305 seconds
Domain Reload Profiling:
	ReloadAssembly (3305ms)
		BeginReloadAssembly (449ms)
			ExecutionOrderSort (0ms)
			DisableScriptedObjects (69ms)
			BackupInstance (0ms)
			ReleaseScriptingObjects (0ms)
			CreateAndSetChildDomain (96ms)
		EndReloadAssembly (2732ms)
			LoadAssemblies (220ms)
			RebuildTransferFunctionScriptingTraits (0ms)
			SetupTypeCache (957ms)
			ReleaseScriptCaches (5ms)
			RebuildScriptCaches (143ms)
			SetupLoadedEditorAssemblies (893ms)
				LogAssemblyErrors (0ms)
				InitializePlatformSupportModulesInManaged (7ms)
				SetLoadedEditorAssemblies (1ms)
				RefreshPlugins (1ms)
				BeforeProcessingInitializeOnLoad (154ms)
				ProcessInitializeOnLoadAttributes (705ms)
				ProcessInitializeOnLoadMethodAttributes (14ms)
				AfterProcessingInitializeOnLoad (10ms)
				EditorAssembliesLoaded (0ms)
			ExecutionOrderSort2 (0ms)
			AwakeInstancesAfterBackupRestoration (21ms)
Platform modules already initialized, skipping
D3D shader create error for vertex shader [0x80070057]
Refreshing native plugins compatible for Editor in 1.69 ms, found 3 plugins.
Preloading 0 native plugins for Editor in 0.00 ms.
Unloading 5412 Unused Serialized files (Serialized files now loaded: 0)
System memory in use before: 239.6 MB.
System memory in use after: 237.3 MB.

Unloading 45 unused Assets to reduce memory usage. Loaded Objects now: 6262.
Total: 12.242300 ms (FindLiveObjects: 0.639800 ms CreateObjectMapping: 1.004500 ms MarkObjects: 7.793200 ms  DeleteObjects: 2.803300 ms)

AssetImportParameters requested are different than current active one (requested -> active):
  custom:framework-win-MediaFoundation: 216162199b28c13a410421893ffa2e32 -> 
  custom:video-decoder-ogg-theora: a1e56fd34408186e4bbccfd4996cb3dc -> 
  custom:container-muxer-webm: aa71ff27fc2769a1b78a27578f13a17b -> 
  custom:container-demuxer-webm: 4f35f7cbe854078d1ac9338744f61a02 -> 
  custom:container-demuxer-ogg: 62fdf1f143b41e24485cea50d1cbac27 -> 
  custom:video-encoder-webm-vp8: eb34c28f22e8b96e1ab97ce403110664 -> 
  custom:video-decoder-webm-vp8: 9c59270c3fd7afecdb556c50c9e8de78 -> 
  custom:audio-decoder-ogg-vorbis: bf7c407c2cedff20999df2af8eb42d56 -> 
  custom:audio-encoder-webm-vorbis: bf7c407c2cedff20999df2af8eb42d56 -> 
========================================================================
Received Import Request.
  Time since last request: 199.582060 seconds.
  path: Assets/SampleSceneAssets/Meshes/Structure/Model/ST_Aisle_01.fbx
  artifactKey: Guid(a14c587d20d95c64b87da73879bf5894) Importer(815301076,1909f56bfc062723c751e8b465ee728b)
Start importing Assets/SampleSceneAssets/Meshes/Structure/Model/ST_Aisle_01.fbx using Guid(a14c587d20d95c64b87da73879bf5894) Importer(815301076,1909f56bfc062723c751e8b465ee728b)  -> (artifact id: '41faf2bc3d5640e747c808cdb91ede43') in 1.159405 seconds 
========================================================================
Received Import Request.
  Time since last request: 0.000307 seconds.
  path: Assets/SampleSceneAssets/Meshes/Props/Lights/Model/Spotlight_Structure_01a.fbx
  artifactKey: Guid(873aa2b3c4d69c64eb42d11d17dfbca8) Importer(815301076,1909f56bfc062723c751e8b465ee728b)
Start importing Assets/SampleSceneAssets/Meshes/Props/Lights/Model/Spotlight_Structure_01a.fbx using Guid(873aa2b3c4d69c64eb42d11d17dfbca8) Importer(815301076,1909f56bfc062723c751e8b465ee728b)  -> (artifact id: 'da29ee0b9b59b06cbd5126526ba529ef') in 1.308276 seconds 
========================================================================
Received Import Request.
  Time since last request: 0.000329 seconds.
  path: Assets/SampleSceneAssets/Meshes/Props/Lights/Model/Spotlight_Spot_01b.fbx
  artifactKey: Guid(9c519041225bfa644bfc865f3ccb3b03) Importer(815301076,1909f56bfc062723c751e8b465ee728b)
Start importing Assets/SampleSceneAssets/Meshes/Props/Lights/Model/Spotlight_Spot_01b.fbx using Guid(9c519041225bfa644bfc865f3ccb3b03) Importer(815301076,1909f56bfc062723c751e8b465ee728b)  -> (artifact id: '82660557210b2271f51a90e23bca8636') in 1.162240 seconds 
========================================================================
Received Import Request.
  Time since last request: 0.000408 seconds.
  path: Assets/SampleSceneAssets/Meshes/Structure/Model/SR_SectionFloor_01.fbx
  artifactKey: Guid(a613aa8222f19e441ba4840c930f7489) Importer(815301076,1909f56bfc062723c751e8b465ee728b)
Start importing Assets/SampleSceneAssets/Meshes/Structure/Model/SR_SectionFloor_01.fbx using Guid(a613aa8222f19e441ba4840c930f7489) Importer(815301076,1909f56bfc062723c751e8b465ee728b)  -> (artifact id: '0f95ebaaa25ae9b835ac802f7a9b5586') in 0.140300 seconds 
========================================================================
Received Import Request.
  Time since last request: 0.000309 seconds.
  path: Assets/SampleSceneAssets/Meshes/Structure/Model/SR_SectionCeiling_01.fbx
  artifactKey: Guid(a6dcdb995d91897419a0bac2b341b35d) Importer(815301076,1909f56bfc062723c751e8b465ee728b)
Start importing Assets/SampleSceneAssets/Meshes/Structure/Model/SR_SectionCeiling_01.fbx using Guid(a6dcdb995d91897419a0bac2b341b35d) Importer(815301076,1909f56bfc062723c751e8b465ee728b)  -> (artifact id: '7634f38ef88d2bfbf500846be14644f6') in 0.103978 seconds 
========================================================================
Received Import Request.
  Time since last request: 0.000464 seconds.
  path: Assets/SampleSceneAssets/Meshes/Structure/Model/TR_SectionA_01.fbx
  artifactKey: Guid(78ec04c4abf3e224fa4403171c5420d0) Importer(815301076,1909f56bfc062723c751e8b465ee728b)
Start importing Assets/SampleSceneAssets/Meshes/Structure/Model/TR_SectionA_01.fbx using Guid(78ec04c4abf3e224fa4403171c5420d0) Importer(815301076,1909f56bfc062723c751e8b465ee728b)  -> (artifact id: '9a6156ad988d366e99d76de807a1e380') in 0.219431 seconds 
========================================================================
Received Import Request.
  Time since last request: 0.000255 seconds.
  path: Assets/SampleSceneAssets/Meshes/Structure/Model/TR_Pillar_01.fbx
  artifactKey: Guid(7d044b3abe122574fab0642ca8c24f67) Importer(815301076,1909f56bfc062723c751e8b465ee728b)
Start importing Assets/SampleSceneAssets/Meshes/Structure/Model/TR_Pillar_01.fbx using Guid(7d044b3abe122574fab0642ca8c24f67) Importer(815301076,1909f56bfc062723c751e8b465ee728b)  -> (artifact id: '625a2af929eb182526a279d26f3cdd95') in 0.117544 seconds 
========================================================================
Received Import Request.
  Time since last request: 0.000298 seconds.
  path: Assets/SampleSceneAssets/Meshes/Structure/Model/SR_CurveWall_01.fbx
  artifactKey: Guid(7d54407955bf782428f29fdef43a314e) Importer(815301076,1909f56bfc062723c751e8b465ee728b)
Start importing Assets/SampleSceneAssets/Meshes/Structure/Model/SR_CurveWall_01.fbx using Guid(7d54407955bf782428f29fdef43a314e) Importer(815301076,1909f56bfc062723c751e8b465ee728b)  -> (artifact id: '67b7e98c58d16c5bcafa6be0a9280c17') in 0.149922 seconds 
========================================================================
Received Import Request.
  Time since last request: 0.000304 seconds.
  path: Assets/SampleSceneAssets/Meshes/Structure/Model/SR_Pillar_01.fbx
  artifactKey: Guid(9ef6089f32dde634788c6de453630fa1) Importer(815301076,1909f56bfc062723c751e8b465ee728b)
Start importing Assets/SampleSceneAssets/Meshes/Structure/Model/SR_Pillar_01.fbx using Guid(9ef6089f32dde634788c6de453630fa1) Importer(815301076,1909f56bfc062723c751e8b465ee728b)  -> (artifact id: '012aabe8d3cb15168eed32f956b28bc8') in 0.123513 seconds 
========================================================================
Received Import Request.
  Time since last request: 0.000367 seconds.
  path: Assets/SampleSceneAssets/Meshes/Structure/Model/SR_SectionWall_01.fbx
  artifactKey: Guid(8af0f10b22758344ebdbaeb3d0a22c3a) Importer(815301076,1909f56bfc062723c751e8b465ee728b)
Start importing Assets/SampleSceneAssets/Meshes/Structure/Model/SR_SectionWall_01.fbx using Guid(8af0f10b22758344ebdbaeb3d0a22c3a) Importer(815301076,1909f56bfc062723c751e8b465ee728b)  -> (artifact id: '5a80235b0746707eb6cc96e714ba9fe3') in 0.181178 seconds 
========================================================================
Received Import Request.
  Time since last request: 0.000272 seconds.
  path: Assets/SampleSceneAssets/Meshes/Structure/Model/TR_SectionB_01.fbx
  artifactKey: Guid(d69ba50c5030c154ca8ed64a2d0fef3f) Importer(815301076,1909f56bfc062723c751e8b465ee728b)
Start importing Assets/SampleSceneAssets/Meshes/Structure/Model/TR_SectionB_01.fbx using Guid(d69ba50c5030c154ca8ed64a2d0fef3f) Importer(815301076,1909f56bfc062723c751e8b465ee728b)  -> (artifact id: '68c9720a276aba17be6745fb23be3fc2') in 0.122933 seconds 
========================================================================
Received Import Request.
  Time since last request: 0.000265 seconds.
  path: Assets/SampleSceneAssets/Meshes/Structure/Model/SR_Wall_01.fbx
  artifactKey: Guid(efadd0c563ee7fb46917d9a15f897f17) Importer(815301076,1909f56bfc062723c751e8b465ee728b)
Start importing Assets/SampleSceneAssets/Meshes/Structure/Model/SR_Wall_01.fbx using Guid(efadd0c563ee7fb46917d9a15f897f17) Importer(815301076,1909f56bfc062723c751e8b465ee728b)  -> (artifact id: '2746dfdce55892f2e24459ad5478c7de') in 0.186471 seconds 
========================================================================
Received Import Request.
  Time since last request: 0.000280 seconds.
  path: Assets/SampleSceneAssets/Meshes/Props/Ball/Model/Ball.fbx
  artifactKey: Guid(0a34426304031834ebef443b222bba40) Importer(815301076,1909f56bfc062723c751e8b465ee728b)
Start importing Assets/SampleSceneAssets/Meshes/Props/Ball/Model/Ball.fbx using Guid(0a34426304031834ebef443b222bba40) Importer(815301076,1909f56bfc062723c751e8b465ee728b)  -> (artifact id: 'ef124c11b92061b34fe14881bc872fc8') in 0.088416 seconds 
========================================================================
Received Prepare
Registering precompiled user dll's ...
Registered in 0.010050 seconds.
Begin MonoManager ReloadAssembly
Symbol file LoadedFromMemory doesn't match image C:\Users\USER\Documents\Unity Projects\PostProcessing\Library\PackageCache\com.unity.visualscripting@1.6.1\Editor\VisualScripting.Core\Dependencies\YamlDotNet\Unity.VisualScripting.YamlDotNet.dll
Symbol file LoadedFromMemory doesn't match image C:\Users\USER\Documents\Unity Projects\PostProcessing\Library\PackageCache\com.unity.visualscripting@1.6.1\Editor\VisualScripting.Core\Dependencies\DotNetZip\Unity.VisualScripting.IonicZip.dll
Native extension for WindowsStandalone target not found
Refreshing native plugins compatible for Editor in 1.24 ms, found 3 plugins.
Preloading 0 native plugins for Editor in 0.00 ms.
Mono: successfully reloaded assembly
- Completed reload, in  2.479 seconds
Domain Reload Profiling:
	ReloadAssembly (2479ms)
		BeginReloadAssembly (277ms)
			ExecutionOrderSort (0ms)
			DisableScriptedObjects (51ms)
			BackupInstance (0ms)
			ReleaseScriptingObjects (0ms)
			CreateAndSetChildDomain (82ms)
		EndReloadAssembly (2100ms)
			LoadAssemblies (167ms)
			RebuildTransferFunctionScriptingTraits (0ms)
			SetupTypeCache (692ms)
			ReleaseScriptCaches (2ms)
			RebuildScriptCaches (119ms)
			SetupLoadedEditorAssemblies (758ms)
				LogAssemblyErrors (0ms)
				InitializePlatformSupportModulesInManaged (7ms)
				SetLoadedEditorAssemblies (1ms)
				RefreshPlugins (1ms)
				BeforeProcessingInitializeOnLoad (118ms)
				ProcessInitializeOnLoadAttributes (608ms)
				ProcessInitializeOnLoadMethodAttributes (13ms)
				AfterProcessingInitializeOnLoad (9ms)
				EditorAssembliesLoaded (0ms)
			ExecutionOrderSort2 (0ms)
			AwakeInstancesAfterBackupRestoration (32ms)
Platform modules already initialized, skipping
D3D shader create error for vertex shader [0x80070057]
Refreshing native plugins compatible for Editor in 1.24 ms, found 3 plugins.
Preloading 0 native plugins for Editor in 0.00 ms.
Unloading 5394 Unused Serialized files (Serialized files now loaded: 0)
System memory in use before: 238.8 MB.
System memory in use after: 236.5 MB.

Unloading 45 unused Assets to reduce memory usage. Loaded Objects now: 6367.
Total: 9.933800 ms (FindLiveObjects: 0.650700 ms CreateObjectMapping: 0.766500 ms MarkObjects: 6.141700 ms  DeleteObjects: 2.372700 ms)

AssetImportParameters requested are different than current active one (requested -> active):
  custom:framework-win-MediaFoundation: 216162199b28c13a410421893ffa2e32 -> 
  custom:video-decoder-ogg-theora: a1e56fd34408186e4bbccfd4996cb3dc -> 
  custom:container-muxer-webm: aa71ff27fc2769a1b78a27578f13a17b -> 
  custom:container-demuxer-webm: 4f35f7cbe854078d1ac9338744f61a02 -> 
  custom:container-demuxer-ogg: 62fdf1f143b41e24485cea50d1cbac27 -> 
  custom:video-encoder-webm-vp8: eb34c28f22e8b96e1ab97ce403110664 -> 
  custom:video-decoder-webm-vp8: 9c59270c3fd7afecdb556c50c9e8de78 -> 
  custom:audio-decoder-ogg-vorbis: bf7c407c2cedff20999df2af8eb42d56 -> 
  custom:audio-encoder-webm-vorbis: bf7c407c2cedff20999df2af8eb42d56 -> 
========================================================================
Received Prepare
Registering precompiled user dll's ...
Registered in 0.014061 seconds.
Begin MonoManager ReloadAssembly
Symbol file LoadedFromMemory doesn't match image C:\Users\USER\Documents\Unity Projects\PostProcessing\Library\PackageCache\com.unity.visualscripting@1.6.1\Editor\VisualScripting.Core\Dependencies\YamlDotNet\Unity.VisualScripting.YamlDotNet.dll
Symbol file LoadedFromMemory doesn't match image C:\Users\USER\Documents\Unity Projects\PostProcessing\Library\PackageCache\com.unity.visualscripting@1.6.1\Editor\VisualScripting.Core\Dependencies\DotNetZip\Unity.VisualScripting.IonicZip.dll
Native extension for WindowsStandalone target not found
Refreshing native plugins compatible for Editor in 1.82 ms, found 3 plugins.
Preloading 0 native plugins for Editor in 0.00 ms.
Mono: successfully reloaded assembly
- Completed reload, in  2.879 seconds
Domain Reload Profiling:
	ReloadAssembly (2879ms)
		BeginReloadAssembly (282ms)
			ExecutionOrderSort (0ms)
			DisableScriptedObjects (11ms)
			BackupInstance (0ms)
			ReleaseScriptingObjects (0ms)
			CreateAndSetChildDomain (76ms)
		EndReloadAssembly (2468ms)
			LoadAssemblies (228ms)
			RebuildTransferFunctionScriptingTraits (0ms)
			SetupTypeCache (882ms)
			ReleaseScriptCaches (4ms)
			RebuildScriptCaches (142ms)
			SetupLoadedEditorAssemblies (819ms)
				LogAssemblyErrors (0ms)
				InitializePlatformSupportModulesInManaged (7ms)
				SetLoadedEditorAssemblies (1ms)
				RefreshPlugins (2ms)
				BeforeProcessingInitializeOnLoad (159ms)
				ProcessInitializeOnLoadAttributes (627ms)
				ProcessInitializeOnLoadMethodAttributes (12ms)
				AfterProcessingInitializeOnLoad (10ms)
				EditorAssembliesLoaded (0ms)
			ExecutionOrderSort2 (0ms)
			AwakeInstancesAfterBackupRestoration (35ms)
Platform modules already initialized, skipping
D3D shader create error for vertex shader [0x80070057]
Refreshing native plugins compatible for Editor in 2.29 ms, found 3 plugins.
Preloading 0 native plugins for Editor in 0.00 ms.
Unloading 5394 Unused Serialized files (Serialized files now loaded: 0)
System memory in use before: 238.8 MB.
System memory in use after: 236.5 MB.

Unloading 45 unused Assets to reduce memory usage. Loaded Objects now: 6369.
Total: 17.593100 ms (FindLiveObjects: 0.713900 ms CreateObjectMapping: 0.902200 ms MarkObjects: 11.784300 ms  DeleteObjects: 4.189600 ms)

AssetImportParameters requested are different than current active one (requested -> active):
  custom:framework-win-MediaFoundation: 216162199b28c13a410421893ffa2e32 -> 
  custom:video-decoder-ogg-theora: a1e56fd34408186e4bbccfd4996cb3dc -> 
  custom:container-muxer-webm: aa71ff27fc2769a1b78a27578f13a17b -> 
  custom:container-demuxer-webm: 4f35f7cbe854078d1ac9338744f61a02 -> 
  custom:container-demuxer-ogg: 62fdf1f143b41e24485cea50d1cbac27 -> 
  custom:video-encoder-webm-vp8: eb34c28f22e8b96e1ab97ce403110664 -> 
  custom:video-decoder-webm-vp8: 9c59270c3fd7afecdb556c50c9e8de78 -> 
  custom:audio-decoder-ogg-vorbis: bf7c407c2cedff20999df2af8eb42d56 -> 
  custom:audio-encoder-webm-vorbis: bf7c407c2cedff20999df2af8eb42d56 -> 
========================================================================
Received Prepare
Registering precompiled user dll's ...
Registered in 0.011736 seconds.
Begin MonoManager ReloadAssembly
Symbol file LoadedFromMemory doesn't match image C:\Users\USER\Documents\Unity Projects\PostProcessing\Library\PackageCache\com.unity.visualscripting@1.6.1\Editor\VisualScripting.Core\Dependencies\YamlDotNet\Unity.VisualScripting.YamlDotNet.dll
Symbol file LoadedFromMemory doesn't match image C:\Users\USER\Documents\Unity Projects\PostProcessing\Library\PackageCache\com.unity.visualscripting@1.6.1\Editor\VisualScripting.Core\Dependencies\DotNetZip\Unity.VisualScripting.IonicZip.dll
Native extension for WindowsStandalone target not found
Refreshing native plugins compatible for Editor in 1.46 ms, found 3 plugins.
Preloading 0 native plugins for Editor in 0.00 ms.
Mono: successfully reloaded assembly
- Completed reload, in  2.856 seconds
Domain Reload Profiling:
	ReloadAssembly (2856ms)
		BeginReloadAssembly (219ms)
			ExecutionOrderSort (0ms)
			DisableScriptedObjects (12ms)
			BackupInstance (0ms)
			ReleaseScriptingObjects (0ms)
			CreateAndSetChildDomain (78ms)
		EndReloadAssembly (2535ms)
			LoadAssemblies (170ms)
			RebuildTransferFunctionScriptingTraits (0ms)
			SetupTypeCache (811ms)
			ReleaseScriptCaches (2ms)
			RebuildScriptCaches (153ms)
			SetupLoadedEditorAssemblies (950ms)
				LogAssemblyErrors (0ms)
				InitializePlatformSupportModulesInManaged (9ms)
				SetLoadedEditorAssemblies (2ms)
				RefreshPlugins (2ms)
				BeforeProcessingInitializeOnLoad (151ms)
				ProcessInitializeOnLoadAttributes (754ms)
				ProcessInitializeOnLoadMethodAttributes (22ms)
				AfterProcessingInitializeOnLoad (10ms)
				EditorAssembliesLoaded (0ms)
			ExecutionOrderSort2 (0ms)
			AwakeInstancesAfterBackupRestoration (35ms)
Platform modules already initialized, skipping
D3D shader create error for vertex shader [0x80070057]
Refreshing native plugins compatible for Editor in 1.63 ms, found 3 plugins.
Preloading 0 native plugins for Editor in 0.00 ms.
Unloading 5394 Unused Serialized files (Serialized files now loaded: 0)
System memory in use before: 238.7 MB.
System memory in use after: 236.4 MB.

Unloading 45 unused Assets to reduce memory usage. Loaded Objects now: 6371.
Total: 13.085700 ms (FindLiveObjects: 0.572300 ms CreateObjectMapping: 0.546600 ms MarkObjects: 8.487200 ms  DeleteObjects: 3.477400 ms)

AssetImportParameters requested are different than current active one (requested -> active):
  custom:framework-win-MediaFoundation: 216162199b28c13a410421893ffa2e32 -> 
  custom:video-decoder-ogg-theora: a1e56fd34408186e4bbccfd4996cb3dc -> 
  custom:container-muxer-webm: aa71ff27fc2769a1b78a27578f13a17b -> 
  custom:container-demuxer-webm: 4f35f7cbe854078d1ac9338744f61a02 -> 
  custom:container-demuxer-ogg: 62fdf1f143b41e24485cea50d1cbac27 -> 
  custom:video-encoder-webm-vp8: eb34c28f22e8b96e1ab97ce403110664 -> 
  custom:video-decoder-webm-vp8: 9c59270c3fd7afecdb556c50c9e8de78 -> 
  custom:audio-decoder-ogg-vorbis: bf7c407c2cedff20999df2af8eb42d56 -> 
  custom:audio-encoder-webm-vorbis: bf7c407c2cedff20999df2af8eb42d56 -> 
========================================================================
Received Prepare
Registering precompiled user dll's ...
Registered in 0.012608 seconds.
Begin MonoManager ReloadAssembly
Symbol file LoadedFromMemory doesn't match image C:\Users\USER\Documents\Unity Projects\PostProcessing\Library\PackageCache\com.unity.visualscripting@1.6.1\Editor\VisualScripting.Core\Dependencies\YamlDotNet\Unity.VisualScripting.YamlDotNet.dll
Symbol file LoadedFromMemory doesn't match image C:\Users\USER\Documents\Unity Projects\PostProcessing\Library\PackageCache\com.unity.visualscripting@1.6.1\Editor\VisualScripting.Core\Dependencies\DotNetZip\Unity.VisualScripting.IonicZip.dll
Native extension for WindowsStandalone target not found
Refreshing native plugins compatible for Editor in 2.30 ms, found 3 plugins.
Preloading 0 native plugins for Editor in 0.00 ms.
Mono: successfully reloaded assembly
- Completed reload, in  3.066 seconds
Domain Reload Profiling:
	ReloadAssembly (3067ms)
		BeginReloadAssembly (252ms)
			ExecutionOrderSort (0ms)
			DisableScriptedObjects (13ms)
			BackupInstance (0ms)
			ReleaseScriptingObjects (0ms)
			CreateAndSetChildDomain (84ms)
		EndReloadAssembly (2682ms)
			LoadAssemblies (197ms)
			RebuildTransferFunctionScriptingTraits (0ms)
			SetupTypeCache (864ms)
			ReleaseScriptCaches (4ms)
			RebuildScriptCaches (139ms)
			SetupLoadedEditorAssemblies (1014ms)
				LogAssemblyErrors (0ms)
				InitializePlatformSupportModulesInManaged (8ms)
				SetLoadedEditorAssemblies (1ms)
				RefreshPlugins (2ms)
				BeforeProcessingInitializeOnLoad (159ms)
				ProcessInitializeOnLoadAttributes (816ms)
				ProcessInitializeOnLoadMethodAttributes (18ms)
				AfterProcessingInitializeOnLoad (10ms)
				EditorAssembliesLoaded (0ms)
			ExecutionOrderSort2 (0ms)
			AwakeInstancesAfterBackupRestoration (40ms)
Platform modules already initialized, skipping
D3D shader create error for vertex shader [0x80070057]
Refreshing native plugins compatible for Editor in 2.05 ms, found 3 plugins.
Preloading 0 native plugins for Editor in 0.00 ms.
Unloading 5394 Unused Serialized files (Serialized files now loaded: 0)
System memory in use before: 238.7 MB.
System memory in use after: 236.4 MB.

Unloading 45 unused Assets to reduce memory usage. Loaded Objects now: 6373.
Total: 9.354100 ms (FindLiveObjects: 0.898600 ms CreateObjectMapping: 0.584900 ms MarkObjects: 5.483300 ms  DeleteObjects: 2.385100 ms)

AssetImportParameters requested are different than current active one (requested -> active):
  custom:framework-win-MediaFoundation: 216162199b28c13a410421893ffa2e32 -> 
  custom:video-decoder-ogg-theora: a1e56fd34408186e4bbccfd4996cb3dc -> 
  custom:container-muxer-webm: aa71ff27fc2769a1b78a27578f13a17b -> 
  custom:container-demuxer-webm: 4f35f7cbe854078d1ac9338744f61a02 -> 
  custom:container-demuxer-ogg: 62fdf1f143b41e24485cea50d1cbac27 -> 
  custom:video-encoder-webm-vp8: eb34c28f22e8b96e1ab97ce403110664 -> 
  custom:video-decoder-webm-vp8: 9c59270c3fd7afecdb556c50c9e8de78 -> 
  custom:audio-decoder-ogg-vorbis: bf7c407c2cedff20999df2af8eb42d56 -> 
  custom:audio-encoder-webm-vorbis: bf7c407c2cedff20999df2af8eb42d56 -> 
========================================================================
Received Import Request.
  Time since last request: 1161.736667 seconds.
  path: Assets/SampleSceneAssets/TutorialInfo/Icons/Help_Icon.png
  artifactKey: Guid(9266273b8f123004195741f969177dda) Importer(815301076,1909f56bfc062723c751e8b465ee728b)
Start importing Assets/SampleSceneAssets/TutorialInfo/Icons/Help_Icon.png using Guid(9266273b8f123004195741f969177dda) Importer(815301076,1909f56bfc062723c751e8b465ee728b)  -> (artifact id: 'f254051061d8e438dd4fc9d726b3a9cb') in 0.202522 seconds 
========================================================================
Received Import Request.
  Time since last request: 21.255737 seconds.
  path: Assets/SampleSceneAssets/Textures/VFX/Dust.png
  artifactKey: Guid(e8f538c119b363e4eadafd64ec9a697c) Importer(815301076,1909f56bfc062723c751e8b465ee728b)
Start importing Assets/SampleSceneAssets/Textures/VFX/Dust.png using Guid(e8f538c119b363e4eadafd64ec9a697c) Importer(815301076,1909f56bfc062723c751e8b465ee728b)  -> (artifact id: 'fc423c9cc74301cac0957cfea99ea64c') in 0.032445 seconds 
========================================================================
Received Import Request.
  Time since last request: 4.180448 seconds.
  path: Assets/SampleSceneAssets/Textures/General/Fern_01_Thickness.png
  artifactKey: Guid(79009d2d8f52590449a72066c327d353) Importer(815301076,1909f56bfc062723c751e8b465ee728b)
Start importing Assets/SampleSceneAssets/Textures/General/Fern_01_Thickness.png using Guid(79009d2d8f52590449a72066c327d353) Importer(815301076,1909f56bfc062723c751e8b465ee728b)  -> (artifact id: '93017de058a3b4e3f6412a789d57053d') in 0.041450 seconds 
========================================================================
Received Import Request.
  Time since last request: 11.578497 seconds.
  path: Assets/SampleSceneAssets/Textures/LightCookie/SpotLight_Cookie.png
  artifactKey: Guid(c3097fbf5286afe4692f9d336db11daa) Importer(815301076,1909f56bfc062723c751e8b465ee728b)
Start importing Assets/SampleSceneAssets/Textures/LightCookie/SpotLight_Cookie.png using Guid(c3097fbf5286afe4692f9d336db11daa) Importer(815301076,1909f56bfc062723c751e8b465ee728b)  -> (artifact id: '1983ed1c493526a4cc792d7c00686cee') in 0.040553 seconds 
